{
  "RSpec": {
    "coverage": {
      "/Users/praveen/work/TwichBladeApp/lib/twich_blade.rb": [
        1,
        null,
        null,
        1,
        null,
        null,
        1,
        1,
        1,
        1,
        1,
        1,
        1,
        1,
        1,
        1,
        1
      ],
      "/Users/praveen/work/TwichBladeApp/lib/twich_blade/user_interface.rb": [
        1,
        null,
        1,
        1,
        1,
        null,
        null,
        1,
        16,
        null,
        null,
        1,
        2,
        null,
        null,
        1,
        3,
        null,
        null,
        1,
        7,
        7,
        7,
        7,
        null,
        null,
        1,
        1,
        null,
        null,
        1,
        1,
        null,
        null,
        null
      ],
      "/Users/praveen/work/TwichBladeApp/lib/twich_blade/database_scripts/db_connection.rb": [
        1,
        null,
        1,
        1,
        68,
        68,
        null,
        null,
        1,
        86,
        86,
        0,
        0,
        null,
        null,
        null,
        1,
        0,
        null,
        null,
        null
      ],
      "/Users/praveen/work/TwichBladeApp/lib/twich_blade/user.rb": [
        1,
        null,
        1,
        1,
        12,
        12,
        12,
        null,
        null,
        1,
        6,
        6,
        0,
        6,
        5,
        null,
        1,
        null,
        null,
        null,
        1,
        0,
        null,
        null,
        1,
        1,
        null,
        null,
        1,
        0,
        0,
        0,
        null,
        0,
        null,
        null,
        null,
        1,
        2,
        1,
        null,
        1,
        null,
        null,
        null,
        1,
        4,
        null,
        null,
        null
      ],
      "/Users/praveen/work/TwichBladeApp/lib/twich_blade/twichblade_cli.rb": [
        1,
        null,
        1,
        1,
        1,
        null,
        null,
        1,
        0,
        0,
        0,
        0,
        0,
        0,
        null,
        0,
        null,
        0,
        null,
        0,
        null,
        0,
        0,
        0,
        null,
        0,
        0,
        null,
        null,
        null,
        1,
        1,
        null,
        null,
        null
      ],
      "/Users/praveen/work/TwichBladeApp/lib/twich_blade/login_interface.rb": [
        1,
        null,
        1,
        1,
        2,
        2,
        2,
        2,
        0,
        0,
        2,
        1,
        null,
        1,
        null,
        null,
        null,
        1,
        1,
        0,
        0,
        0,
        null,
        null,
        1,
        0,
        0,
        0,
        null,
        null,
        1,
        0,
        0,
        null,
        null,
        1,
        0,
        0,
        0,
        0,
        null,
        0,
        0,
        null,
        null,
        null,
        null
      ],
      "/Users/praveen/work/TwichBladeApp/lib/twich_blade/register_interface.rb": [
        1,
        null,
        1,
        1,
        1,
        1,
        1,
        0,
        0,
        0,
        null,
        0,
        null,
        null,
        1,
        null,
        1,
        null,
        null,
        1,
        6,
        null,
        null,
        1,
        1,
        0,
        0,
        0,
        0,
        null,
        0,
        0,
        0,
        null,
        null,
        null,
        1,
        0,
        null,
        null,
        null
      ],
      "/Users/praveen/work/TwichBladeApp/lib/twich_blade/home_page_interface.rb": [
        1,
        null,
        1,
        1,
        1,
        1,
        1,
        1,
        1,
        1,
        null,
        0,
        null,
        null,
        1,
        null,
        null,
        1,
        2,
        null,
        null,
        1,
        7,
        1,
        6,
        1,
        5,
        1,
        4,
        1,
        3,
        1,
        2,
        1,
        null,
        1,
        null,
        null,
        null,
        1,
        1,
        0,
        0,
        0,
        0,
        0,
        null,
        0,
        0,
        0,
        null,
        0,
        null,
        null,
        null,
        null,
        1,
        0,
        0,
        0,
        null,
        null,
        1,
        0,
        null,
        null,
        1,
        0,
        0,
        0,
        0,
        0,
        null,
        0,
        null,
        null,
        null,
        1,
        0,
        0,
        null,
        null,
        0,
        0,
        0,
        0,
        0,
        null,
        0,
        null,
        null,
        null,
        null,
        1,
        0,
        0,
        0,
        0,
        0,
        null,
        null,
        null,
        null
      ],
      "/Users/praveen/work/TwichBladeApp/lib/twich_blade/timeline.rb": [
        1,
        null,
        1,
        1,
        11,
        11,
        null,
        null,
        1,
        2,
        2,
        null,
        null,
        1,
        4,
        null,
        null,
        1,
        2,
        null,
        null,
        1,
        2,
        null,
        null,
        null
      ],
      "/Users/praveen/work/TwichBladeApp/lib/twich_blade/timeline_interface.rb": [
        1,
        null,
        1,
        1,
        1,
        1,
        1,
        null,
        null,
        1,
        1,
        1,
        1,
        null,
        null,
        1,
        3,
        3,
        1,
        null,
        2,
        null,
        null,
        null,
        1,
        1,
        1,
        null,
        null,
        null,
        1,
        0,
        0,
        0,
        0,
        0,
        null,
        null,
        null,
        1,
        1,
        0,
        0,
        null,
        null,
        null
      ],
      "/Users/praveen/work/TwichBladeApp/lib/twich_blade/database_scripts/user_storage.rb": [
        1,
        null,
        1,
        1,
        17,
        null,
        null,
        1,
        8,
        8,
        0,
        null,
        8,
        null,
        null,
        null,
        1,
        9,
        9,
        0,
        null,
        9,
        9,
        null,
        9,
        null,
        null,
        1,
        2,
        2,
        0,
        null,
        2,
        2,
        2,
        null,
        2,
        null,
        null,
        1,
        1,
        1,
        0,
        null,
        1,
        1,
        1,
        1,
        0,
        null,
        1,
        null,
        1,
        null,
        null,
        1,
        4,
        4,
        0,
        null,
        4,
        4,
        null,
        4,
        null,
        null,
        1,
        1,
        1,
        0,
        null,
        1,
        1,
        null,
        1,
        null,
        null,
        1,
        1,
        3,
        3,
        0,
        null,
        3,
        3,
        null,
        3,
        null,
        null,
        null
      ],
      "/Users/praveen/work/TwichBladeApp/lib/twich_blade/database_scripts/timeline_storage.rb": [
        1,
        null,
        1,
        1,
        16,
        16,
        null,
        null,
        1,
        3,
        3,
        0,
        null,
        3,
        3,
        3,
        null,
        3,
        null,
        null,
        1,
        18,
        18,
        0,
        null,
        18,
        18,
        null,
        18,
        null,
        null,
        1,
        4,
        4,
        0,
        null,
        4,
        4,
        4,
        4,
        null,
        1,
        null,
        4,
        null,
        4,
        null,
        null,
        1,
        3,
        3,
        0,
        null,
        3,
        3,
        3,
        3,
        4,
        4,
        null,
        3,
        null,
        3,
        null,
        null,
        1,
        1,
        3,
        3,
        0,
        null,
        3,
        3,
        null,
        3,
        null,
        null,
        null
      ],
      "/Users/praveen/work/TwichBladeApp/spec/twich_blade/database_scipts_spec/timeline_storage_spec.rb": [
        1,
        null,
        1,
        1,
        1,
        5,
        5,
        5,
        5,
        5,
        5,
        5,
        5,
        5,
        5,
        5,
        5,
        5,
        null,
        null,
        1,
        5,
        5,
        5,
        5,
        null,
        null,
        1,
        1,
        1,
        1,
        1,
        null,
        null,
        1,
        1,
        1,
        1,
        1,
        1,
        null,
        null,
        1,
        1,
        1,
        1,
        1,
        1,
        1,
        1,
        null,
        null,
        1,
        1,
        1,
        1,
        1,
        1,
        1,
        1,
        1,
        null,
        null,
        1,
        1,
        1,
        1,
        1,
        1,
        1,
        1,
        1,
        1,
        1,
        1,
        1,
        null,
        null,
        null
      ],
      "/Users/praveen/work/TwichBladeApp/spec/twich_blade/database_scipts_spec/user_storage_spec.rb": [
        1,
        null,
        1,
        1,
        1,
        5,
        5,
        5,
        5,
        null,
        null,
        1,
        5,
        5,
        5,
        5,
        null,
        null,
        1,
        1,
        1,
        1,
        1,
        1,
        null,
        null,
        1,
        1,
        1,
        1,
        1,
        null,
        null,
        1,
        1,
        1,
        1,
        1,
        null,
        null,
        1,
        1,
        1,
        1,
        1,
        1,
        1,
        1,
        1,
        1,
        null,
        null,
        1,
        1,
        1,
        1,
        1,
        1,
        1,
        1,
        1,
        1,
        1,
        1,
        1,
        1,
        null,
        null,
        null
      ],
      "/Users/praveen/work/TwichBladeApp/spec/twich_blade/home_page_interface_spec.rb": [
        1,
        null,
        1,
        1,
        1,
        9,
        9,
        null,
        null,
        1,
        1,
        1,
        2,
        null,
        null,
        1,
        1,
        1,
        1,
        1,
        null,
        null,
        1,
        1,
        1,
        1,
        null,
        null,
        1,
        1,
        1,
        1,
        null,
        null,
        1,
        1,
        1,
        1,
        null,
        null,
        1,
        1,
        1,
        1,
        null,
        null,
        1,
        1,
        1,
        1,
        null,
        null,
        1,
        1,
        1,
        1,
        null,
        null,
        1,
        1,
        1,
        1,
        null,
        null,
        null
      ],
      "/Users/praveen/work/TwichBladeApp/spec/twich_blade/login_interface_spec.rb": [
        1,
        null,
        1,
        1,
        3,
        null,
        1,
        1,
        1,
        1,
        1,
        null,
        null,
        1,
        1,
        1,
        1,
        1,
        null,
        null,
        null
      ],
      "/Users/praveen/work/TwichBladeApp/spec/twich_blade/register_interface_spec.rb": [
        1,
        null,
        1,
        1,
        8,
        null,
        1,
        1,
        1,
        1,
        1,
        1,
        1,
        null,
        null,
        1,
        1,
        1,
        1,
        1,
        1,
        null,
        null,
        1,
        1,
        1,
        1,
        1,
        1,
        null,
        null,
        1,
        1,
        1,
        1,
        1,
        1,
        null,
        null,
        1,
        1,
        1,
        1,
        1,
        1,
        null,
        null,
        1,
        1,
        1,
        1,
        1,
        1,
        null,
        null,
        1,
        1,
        1,
        1,
        1,
        1,
        1,
        null,
        null,
        null,
        null,
        null
      ],
      "/Users/praveen/work/TwichBladeApp/spec/twich_blade/timeline_interface_spec.rb": [
        1,
        null,
        1,
        1,
        1,
        5,
        5,
        5,
        5,
        5,
        5,
        5,
        null,
        null,
        1,
        5,
        5,
        5,
        null,
        null,
        1,
        1,
        1,
        1,
        1,
        null,
        null,
        1,
        1,
        1,
        1,
        1,
        null,
        null,
        1,
        1,
        1,
        1,
        1,
        1,
        null,
        null,
        1,
        1,
        1,
        1,
        1,
        null,
        null,
        1,
        1,
        1,
        null,
        null,
        null
      ],
      "/Users/praveen/work/TwichBladeApp/spec/twich_blade/timeline_spec.rb": [
        1,
        null,
        1,
        1,
        1,
        8,
        8,
        8,
        8,
        8,
        8,
        8,
        8,
        8,
        null,
        null,
        1,
        8,
        8,
        8,
        8,
        null,
        null,
        1,
        1,
        1,
        1,
        1,
        1,
        1,
        null,
        null,
        1,
        1,
        1,
        1,
        1,
        1,
        null,
        null,
        null,
        1,
        1,
        1,
        1,
        1,
        1,
        null,
        null,
        1,
        1,
        1,
        1,
        1,
        null,
        null,
        null,
        1,
        1,
        1,
        1,
        1,
        1,
        1,
        1,
        null,
        null,
        1,
        1,
        1,
        1,
        1,
        1,
        1,
        null,
        null,
        null,
        1,
        1,
        1,
        1,
        1,
        1,
        1,
        1,
        1,
        null,
        null,
        1,
        1,
        1,
        1,
        1,
        1,
        1,
        1,
        null,
        null,
        null,
        null
      ],
      "/Users/praveen/work/TwichBladeApp/spec/twich_blade/twichblade_cli_spec.rb": [
        1,
        null,
        1,
        1,
        1,
        1,
        1,
        1,
        1,
        null,
        null,
        null,
        1,
        1,
        1,
        2,
        null,
        null,
        null,
        null
      ],
      "/Users/praveen/work/TwichBladeApp/spec/twich_blade/user_interface_spec.rb": [
        1,
        null,
        1,
        1,
        1,
        1,
        1,
        1,
        1,
        null,
        null,
        null,
        1,
        1,
        2,
        null,
        null,
        1,
        1,
        1,
        2,
        null,
        null,
        1,
        1,
        1,
        2,
        null,
        null,
        1,
        1,
        2,
        null,
        null,
        1,
        1,
        2,
        null,
        null,
        1,
        1,
        1,
        null,
        null,
        null
      ],
      "/Users/praveen/work/TwichBladeApp/spec/twich_blade/user_spec.rb": [
        1,
        null,
        1,
        1,
        1,
        8,
        8,
        8,
        8,
        null,
        null,
        1,
        8,
        8,
        8,
        null,
        null,
        1,
        1,
        1,
        1,
        1,
        1,
        null,
        null,
        1,
        1,
        1,
        1,
        1,
        null,
        null,
        null,
        1,
        1,
        1,
        1,
        1,
        1,
        1,
        1,
        1,
        null,
        null,
        null,
        1,
        1,
        1,
        1,
        1,
        1,
        1,
        null,
        null,
        null,
        1,
        1,
        1,
        1,
        1,
        1,
        null,
        null,
        1,
        1,
        1,
        1,
        1,
        null,
        null,
        null,
        1,
        1,
        1,
        1,
        1,
        1,
        1,
        null,
        null,
        1,
        1,
        1,
        1,
        1,
        null,
        null,
        null,
        null
      ]
    },
    "timestamp": 1442919716
  }
}
