{
  "RSpec": {
    "coverage": {
      "/Users/praveen/work/TwichBladeApp/lib/twich_blade.rb": [
        1,
        null,
        null,
        1,
        null,
        null,
        1,
        1,
        1,
        1,
        1,
        1,
        1,
        1,
        1,
        1,
        1,
        1
      ],
      "/Users/praveen/work/TwichBladeApp/lib/twich_blade/user_interface.rb": [
        1,
        null,
        1,
        1,
        1,
        null,
        null,
        1,
        16,
        null,
        null,
        1,
        1,
        null,
        null,
        1,
        4,
        null,
        null,
        1,
        7,
        7,
        7,
        7,
        null,
        null,
        1,
        1,
        null,
        null,
        1,
        1,
        null,
        null,
        null
      ],
      "/Users/praveen/work/TwichBladeApp/lib/twich_blade/database_scripts/db_connection.rb": [
        1,
        null,
        1,
        1,
        95,
        95,
        95,
        95,
        95,
        null,
        null,
        1,
        102,
        102,
        0,
        0,
        null,
        null,
        null,
        1,
        0,
        null,
        null,
        null
      ],
      "/Users/praveen/work/TwichBladeApp/lib/twich_blade/user.rb": [
        1,
        null,
        1,
        1,
        25,
        25,
        25,
        null,
        null,
        1,
        8,
        8,
        0,
        8,
        7,
        null,
        1,
        null,
        null,
        null,
        1,
        1,
        null,
        null,
        1,
        2,
        1,
        1,
        null,
        1,
        null,
        null,
        null,
        1,
        2,
        2,
        1,
        null,
        1,
        null,
        null,
        null,
        1,
        2,
        1,
        null,
        1,
        null,
        null,
        null,
        1,
        4,
        null,
        null,
        null
      ],
      "/Users/praveen/work/TwichBladeApp/lib/twich_blade/twichblade_cli.rb": [
        1,
        null,
        1,
        1,
        1,
        null,
        null,
        1,
        0,
        0,
        0,
        0,
        0,
        0,
        null,
        0,
        null,
        0,
        null,
        0,
        null,
        0,
        0,
        0,
        null,
        0,
        0,
        null,
        null,
        null,
        1,
        1,
        null,
        null,
        null
      ],
      "/Users/praveen/work/TwichBladeApp/lib/twich_blade/login_interface.rb": [
        1,
        null,
        1,
        1,
        3,
        3,
        3,
        3,
        1,
        1,
        2,
        1,
        null,
        1,
        null,
        null,
        null,
        1,
        1,
        1,
        null,
        null,
        1,
        2,
        2,
        1,
        1,
        null,
        1,
        1,
        null,
        null,
        null,
        1,
        1,
        0,
        null,
        null,
        1,
        0,
        null,
        null,
        null
      ],
      "/Users/praveen/work/TwichBladeApp/lib/twich_blade/register_interface.rb": [
        1,
        null,
        1,
        1,
        4,
        4,
        4,
        3,
        3,
        1,
        null,
        2,
        null,
        null,
        1,
        null,
        4,
        null,
        null,
        1,
        6,
        null,
        null,
        1,
        1,
        0,
        0,
        null,
        0,
        null,
        null,
        null,
        1,
        0,
        null,
        null,
        null
      ],
      "/Users/praveen/work/TwichBladeApp/lib/twich_blade/home_page_interface.rb": [
        1,
        null,
        1,
        1,
        1,
        1,
        1,
        1,
        1,
        1,
        null,
        0,
        null,
        null,
        1,
        null,
        null,
        1,
        2,
        null,
        null,
        1,
        7,
        1,
        6,
        1,
        5,
        1,
        4,
        1,
        3,
        1,
        2,
        1,
        null,
        1,
        null,
        null,
        null,
        1,
        2,
        2,
        2,
        2,
        1,
        null,
        1,
        1,
        null,
        null,
        null,
        1,
        1,
        1,
        1,
        null,
        null,
        1,
        1,
        null,
        null,
        1,
        2,
        2,
        2,
        1,
        null,
        1,
        null,
        null,
        null,
        1,
        3,
        1,
        null,
        2,
        2,
        2,
        1,
        null,
        1,
        null,
        null,
        null,
        null,
        1,
        1,
        1,
        null,
        null,
        1,
        1,
        0,
        0,
        0,
        0,
        null,
        null,
        null,
        1,
        0,
        null,
        null,
        1,
        0,
        0,
        null,
        null,
        1,
        0,
        0,
        null,
        0,
        null,
        null,
        null,
        1,
        0,
        null,
        null,
        1,
        0,
        null,
        null,
        1,
        0,
        null,
        null,
        1,
        0,
        null,
        null,
        null
      ],
      "/Users/praveen/work/TwichBladeApp/lib/twich_blade/timeline.rb": [
        1,
        null,
        1,
        1,
        14,
        14,
        null,
        null,
        1,
        2,
        2,
        null,
        null,
        1,
        4,
        null,
        null,
        1,
        2,
        null,
        null,
        1,
        2,
        null,
        null,
        null
      ],
      "/Users/praveen/work/TwichBladeApp/lib/twich_blade/timeline_interface.rb": [
        1,
        null,
        1,
        1,
        1,
        1,
        1,
        null,
        null,
        1,
        1,
        1,
        1,
        null,
        null,
        1,
        3,
        3,
        1,
        null,
        2,
        null,
        null,
        null,
        1,
        1,
        1,
        null,
        null,
        null,
        1,
        0,
        0,
        0,
        0,
        0,
        0,
        0,
        0,
        null,
        null,
        null,
        1,
        1,
        0,
        0,
        null,
        null,
        null
      ],
      "/Users/praveen/work/TwichBladeApp/lib/twich_blade/database_scripts/user_storage.rb": [
        1,
        null,
        1,
        1,
        32,
        null,
        null,
        1,
        10,
        10,
        0,
        null,
        10,
        null,
        null,
        null,
        1,
        12,
        12,
        0,
        null,
        12,
        12,
        null,
        12,
        null,
        null,
        1,
        2,
        2,
        0,
        null,
        2,
        2,
        2,
        null,
        2,
        null,
        null,
        1,
        3,
        3,
        0,
        null,
        3,
        3,
        3,
        3,
        1,
        null,
        3,
        null,
        3,
        null,
        null,
        1,
        4,
        4,
        0,
        null,
        4,
        4,
        null,
        4,
        null,
        null,
        1,
        1,
        1,
        0,
        null,
        1,
        1,
        null,
        1,
        null,
        null,
        1,
        1,
        5,
        5,
        0,
        null,
        5,
        5,
        null,
        5,
        null,
        null,
        null
      ],
      "/Users/praveen/work/TwichBladeApp/lib/twich_blade/database_scripts/timeline_storage.rb": [
        1,
        null,
        1,
        1,
        19,
        19,
        null,
        null,
        1,
        3,
        3,
        0,
        null,
        3,
        3,
        3,
        null,
        3,
        null,
        null,
        1,
        18,
        18,
        0,
        null,
        18,
        18,
        null,
        18,
        null,
        null,
        1,
        4,
        4,
        0,
        null,
        4,
        4,
        4,
        4,
        null,
        1,
        null,
        4,
        null,
        4,
        null,
        null,
        1,
        3,
        3,
        0,
        null,
        3,
        3,
        3,
        3,
        4,
        4,
        null,
        3,
        null,
        3,
        null,
        null,
        1,
        1,
        3,
        3,
        0,
        null,
        3,
        3,
        null,
        3,
        null,
        null,
        null
      ],
      "/Users/praveen/work/TwichBladeApp/lib/twich_blade/time.rb": [
        1,
        1,
        1,
        4,
        null,
        null,
        1,
        4,
        4,
        1,
        3,
        1,
        1,
        2,
        1,
        1,
        null,
        1,
        null,
        null,
        null,
        1,
        1,
        1,
        null,
        null,
        1,
        1,
        null,
        null,
        1,
        1,
        null,
        null,
        1,
        1,
        null,
        null,
        null
      ],
      "/Users/praveen/work/TwichBladeApp/spec/twich_blade/database_scripts_spec/timeline_storage_spec.rb": [
        1,
        null,
        1,
        1,
        1,
        5,
        5,
        5,
        5,
        5,
        5,
        5,
        5,
        5,
        5,
        5,
        5,
        5,
        null,
        null,
        1,
        5,
        5,
        5,
        5,
        null,
        null,
        1,
        1,
        1,
        1,
        1,
        null,
        null,
        1,
        1,
        1,
        1,
        1,
        1,
        null,
        null,
        1,
        1,
        1,
        1,
        1,
        1,
        1,
        1,
        null,
        null,
        1,
        1,
        1,
        1,
        1,
        1,
        1,
        1,
        1,
        null,
        null,
        1,
        1,
        1,
        1,
        1,
        1,
        1,
        1,
        1,
        1,
        1,
        1,
        1,
        null,
        null,
        null
      ],
      "/Users/praveen/work/TwichBladeApp/spec/twich_blade/database_scripts_spec/user_storage_spec.rb": [
        1,
        null,
        1,
        1,
        1,
        5,
        5,
        5,
        5,
        null,
        null,
        1,
        5,
        5,
        5,
        5,
        null,
        null,
        1,
        1,
        1,
        1,
        1,
        1,
        null,
        null,
        1,
        1,
        1,
        1,
        1,
        null,
        null,
        1,
        1,
        1,
        1,
        1,
        null,
        null,
        1,
        1,
        1,
        1,
        1,
        1,
        1,
        1,
        1,
        1,
        null,
        null,
        1,
        1,
        1,
        1,
        1,
        1,
        1,
        1,
        1,
        1,
        1,
        1,
        1,
        1,
        null,
        null,
        null
      ],
      "/Users/praveen/work/TwichBladeApp/spec/twich_blade/home_page_interface_spec.rb": [
        1,
        null,
        1,
        1,
        1,
        19,
        19,
        null,
        null,
        1,
        1,
        1,
        2,
        null,
        null,
        1,
        1,
        1,
        1,
        1,
        null,
        null,
        1,
        1,
        1,
        1,
        null,
        null,
        1,
        1,
        1,
        1,
        null,
        null,
        1,
        1,
        1,
        1,
        null,
        null,
        1,
        1,
        1,
        1,
        null,
        null,
        1,
        1,
        1,
        1,
        null,
        null,
        1,
        1,
        1,
        1,
        null,
        null,
        1,
        1,
        1,
        1,
        null,
        null,
        1,
        1,
        1,
        1,
        1,
        1,
        1,
        null,
        null,
        1,
        1,
        1,
        1,
        1,
        1,
        1,
        null,
        null,
        null,
        1,
        1,
        1,
        1,
        1,
        1,
        null,
        null,
        1,
        1,
        1,
        null,
        null,
        1,
        1,
        1,
        1,
        1,
        1,
        1,
        null,
        null,
        1,
        1,
        1,
        1,
        1,
        1,
        null,
        null,
        null,
        1,
        1,
        1,
        1,
        1,
        null,
        null,
        1,
        1,
        1,
        1,
        1,
        1,
        1,
        null,
        null,
        1,
        1,
        1,
        1,
        1,
        1,
        1,
        null,
        null,
        null,
        1,
        1,
        1,
        1,
        1,
        null,
        null,
        null
      ],
      "/Users/praveen/work/TwichBladeApp/spec/twich_blade/login_interface_spec.rb": [
        1,
        null,
        1,
        1,
        7,
        null,
        1,
        1,
        1,
        1,
        1,
        1,
        null,
        null,
        1,
        1,
        1,
        1,
        1,
        null,
        null,
        1,
        1,
        1,
        1,
        1,
        1,
        null,
        null,
        null,
        1,
        1,
        1,
        1,
        null,
        null,
        1,
        1,
        1,
        1,
        1,
        1,
        null,
        null,
        1,
        1,
        1,
        1,
        1,
        1,
        null,
        null,
        null,
        null
      ],
      "/Users/praveen/work/TwichBladeApp/spec/twich_blade/register_interface_spec.rb": [
        1,
        null,
        1,
        1,
        11,
        null,
        1,
        1,
        1,
        1,
        1,
        1,
        1,
        null,
        null,
        1,
        1,
        1,
        1,
        1,
        1,
        null,
        null,
        1,
        1,
        1,
        1,
        1,
        1,
        null,
        null,
        1,
        1,
        1,
        1,
        1,
        1,
        null,
        null,
        1,
        1,
        1,
        1,
        1,
        1,
        null,
        null,
        1,
        1,
        1,
        1,
        1,
        1,
        null,
        null,
        1,
        1,
        1,
        1,
        1,
        1,
        1,
        1,
        null,
        null,
        1,
        1,
        1,
        1,
        1,
        1,
        1,
        1,
        null,
        null,
        1,
        1,
        1,
        1,
        1,
        1,
        1,
        1,
        1,
        null,
        null,
        1,
        1,
        1,
        1,
        1,
        1,
        1,
        1,
        1,
        null,
        null,
        null,
        null,
        null
      ],
      "/Users/praveen/work/TwichBladeApp/spec/twich_blade/time_spec.rb": [
        1,
        null,
        1,
        1,
        1,
        1,
        1,
        1,
        2,
        null,
        null,
        1,
        1,
        1,
        2,
        null,
        null,
        1,
        1,
        1,
        2,
        null,
        null,
        1,
        1,
        1,
        1,
        2,
        null,
        null,
        null,
        null
      ],
      "/Users/praveen/work/TwichBladeApp/spec/twich_blade/timeline_interface_spec.rb": [
        1,
        null,
        1,
        1,
        1,
        5,
        5,
        5,
        5,
        5,
        5,
        5,
        null,
        null,
        1,
        5,
        5,
        5,
        null,
        null,
        1,
        1,
        1,
        1,
        1,
        null,
        null,
        1,
        1,
        1,
        1,
        1,
        null,
        null,
        1,
        1,
        1,
        1,
        1,
        1,
        null,
        null,
        1,
        1,
        1,
        1,
        1,
        null,
        null,
        1,
        1,
        1,
        null,
        null,
        null
      ],
      "/Users/praveen/work/TwichBladeApp/spec/twich_blade/timeline_spec.rb": [
        1,
        null,
        1,
        1,
        1,
        8,
        8,
        8,
        8,
        8,
        8,
        8,
        8,
        8,
        null,
        null,
        1,
        8,
        8,
        8,
        8,
        null,
        null,
        1,
        1,
        1,
        1,
        1,
        1,
        1,
        null,
        null,
        1,
        1,
        1,
        1,
        1,
        1,
        null,
        null,
        null,
        1,
        1,
        1,
        1,
        1,
        1,
        null,
        null,
        1,
        1,
        1,
        1,
        1,
        null,
        null,
        null,
        1,
        1,
        1,
        1,
        1,
        1,
        1,
        1,
        null,
        null,
        1,
        1,
        1,
        1,
        1,
        1,
        1,
        null,
        null,
        null,
        1,
        1,
        1,
        1,
        1,
        1,
        1,
        1,
        1,
        null,
        null,
        1,
        1,
        1,
        1,
        1,
        1,
        1,
        1,
        null,
        null,
        null,
        null
      ],
      "/Users/praveen/work/TwichBladeApp/spec/twich_blade/twichblade_cli_spec.rb": [
        1,
        null,
        1,
        1,
        1,
        1,
        1,
        1,
        1,
        null,
        null,
        null,
        1,
        1,
        1,
        2,
        null,
        null,
        null,
        null
      ],
      "/Users/praveen/work/TwichBladeApp/spec/twich_blade/user_interface_spec.rb": [
        1,
        null,
        1,
        1,
        1,
        1,
        1,
        1,
        1,
        null,
        null,
        null,
        1,
        1,
        2,
        null,
        null,
        1,
        1,
        1,
        2,
        null,
        null,
        1,
        1,
        1,
        2,
        null,
        null,
        1,
        1,
        2,
        null,
        null,
        1,
        1,
        2,
        null,
        null,
        1,
        1,
        1,
        null,
        null,
        null
      ],
      "/Users/praveen/work/TwichBladeApp/spec/twich_blade/user_spec.rb": [
        1,
        null,
        1,
        1,
        1,
        11,
        11,
        11,
        11,
        11,
        11,
        11,
        11,
        11,
        11,
        11,
        11,
        null,
        null,
        1,
        11,
        11,
        11,
        null,
        null,
        1,
        1,
        1,
        1,
        1,
        1,
        null,
        null,
        1,
        1,
        1,
        1,
        1,
        null,
        null,
        null,
        1,
        1,
        1,
        1,
        1,
        1,
        1,
        1,
        null,
        null,
        1,
        1,
        1,
        1,
        1,
        1,
        1,
        null,
        null,
        null,
        1,
        1,
        1,
        1,
        1,
        1,
        1,
        1,
        1,
        null,
        null,
        1,
        1,
        1,
        1,
        1,
        1,
        1,
        1,
        null,
        null,
        null,
        1,
        1,
        1,
        1,
        1,
        1,
        null,
        null,
        1,
        1,
        1,
        1,
        1,
        null,
        null,
        null,
        1,
        1,
        1,
        1,
        1,
        1,
        1,
        null,
        null,
        1,
        1,
        1,
        1,
        1,
        null,
        null,
        null,
        1,
        1,
        1,
        1,
        1,
        null,
        null,
        null
      ]
    },
    "timestamp": 1443373573
  }
}
